[2025-08-10 13:43:24.920 +00:00 INF]   Starting NotificationService application... {"MachineName":"d5a7be16f7ff","EnvironmentName":"Development","Environment":"Development","ServiceName":"NotificationService"}
[2025-08-10 13:43:25.013 +00:00 FTL]   NotificationService application terminated unexpectedly {"MachineName":"d5a7be16f7ff","EnvironmentName":"Development","Environment":"Development","ServiceName":"NotificationService"}
System.AggregateException: Some services are not able to be constructed (Error while validating the service descriptor 'ServiceType: Microsoft.Extensions.Hosting.IHostedService Lifetime: Singleton ImplementationType: NotificationService.ApplicationService.Worker.ReportCompletedWorker': Cannot consume scoped service 'NotificationService.Domain.Interfaces.INotificationService' from singleton 'Microsoft.Extensions.Hosting.IHostedService'.)
 ---> System.InvalidOperationException: Error while validating the service descriptor 'ServiceType: Microsoft.Extensions.Hosting.IHostedService Lifetime: Singleton ImplementationType: NotificationService.ApplicationService.Worker.ReportCompletedWorker': Cannot consume scoped service 'NotificationService.Domain.Interfaces.INotificationService' from singleton 'Microsoft.Extensions.Hosting.IHostedService'.
 ---> System.InvalidOperationException: Cannot consume scoped service 'NotificationService.Domain.Interfaces.INotificationService' from singleton 'Microsoft.Extensions.Hosting.IHostedService'.
   at Microsoft.Extensions.DependencyInjection.ServiceLookup.CallSiteValidator.VisitScopeCache(ServiceCallSite scopedCallSite, CallSiteValidatorState state)
   at Microsoft.Extensions.DependencyInjection.ServiceLookup.CallSiteVisitor`2.VisitCallSite(ServiceCallSite callSite, TArgument argument)
   at Microsoft.Extensions.DependencyInjection.ServiceLookup.CallSiteValidator.VisitConstructor(ConstructorCallSite constructorCallSite, CallSiteValidatorState state)
   at Microsoft.Extensions.DependencyInjection.ServiceLookup.CallSiteVisitor`2.VisitCallSite(ServiceCallSite callSite, TArgument argument)
   at Microsoft.Extensions.DependencyInjection.ServiceLookup.CallSiteValidator.ValidateCallSite(ServiceCallSite callSite)
   at Microsoft.Extensions.DependencyInjection.ServiceProvider.ValidateService(ServiceDescriptor descriptor)
   --- End of inner exception stack trace ---
   at Microsoft.Extensions.DependencyInjection.ServiceProvider.ValidateService(ServiceDescriptor descriptor)
   at Microsoft.Extensions.DependencyInjection.ServiceProvider..ctor(ICollection`1 serviceDescriptors, ServiceProviderOptions options)
   --- End of inner exception stack trace ---
   at Microsoft.Extensions.DependencyInjection.ServiceProvider..ctor(ICollection`1 serviceDescriptors, ServiceProviderOptions options)
   at Microsoft.Extensions.DependencyInjection.ServiceCollectionContainerBuilderExtensions.BuildServiceProvider(IServiceCollection services, ServiceProviderOptions options)
   at Microsoft.Extensions.Hosting.HostApplicationBuilder.Build()
   at Microsoft.AspNetCore.Builder.WebApplicationBuilder.Build()
   at Program.<Main>$(String[] args) in /Users/r00t/Projects/PhoneBookApp/NotificationService.Api/Program.cs:line 41
